[debug] [2022-11-04T19:20:20.846Z] ----------------------------------------------------------------------
[debug] [2022-11-04T19:20:20.849Z] Command:       C:\Program Files\nodejs\node.exe C:\Program Files\nodejs\node_modules\firebase-tools\lib\bin\firebase.js init
[debug] [2022-11-04T19:20:20.849Z] CLI Version:   11.13.0
[debug] [2022-11-04T19:20:20.849Z] Platform:      win32
[debug] [2022-11-04T19:20:20.849Z] Node Version:  v14.18.0
[debug] [2022-11-04T19:20:20.851Z] Time:          Sat Nov 05 2022 00:50:20 GMT+0530 (India Standard Time)
[debug] [2022-11-04T19:20:20.851Z] ----------------------------------------------------------------------
[debug] 
[debug] [2022-11-04T19:20:20.861Z] > command requires scopes: ["email","openid","https://www.googleapis.com/auth/cloudplatformprojects.readonly","https://www.googleapis.com/auth/firebase","https://www.googleapis.com/auth/cloud-platform"]
[debug] [2022-11-04T19:20:20.861Z] > authorizing via signed-in user (devendragupta1302@gmail.com)
[info] 
     ######## #### ########  ######## ########     ###     ######  ########
     ##        ##  ##     ## ##       ##     ##  ##   ##  ##       ##
     ######    ##  ########  ######   ########  #########  ######  ######
     ##        ##  ##    ##  ##       ##     ## ##     ##       ## ##
     ##       #### ##     ## ######## ########  ##     ##  ######  ########

You're about to initialize a Firebase project in this directory:

  C:\Users\hp\OneDrive\Documents\React\Amazon clone\amazon-clone

[info] 
=== Project Setup
[info] 
[info] First, let's associate this project directory with a Firebase project.
[info] You can create multiple project aliases by running firebase use --add, 
[info] but for now we'll just set up a default project.
[info] 
[debug] [2022-11-04T19:21:07.986Z] ----------------------------------------------------------------------
[debug] [2022-11-04T19:21:07.989Z] Command:       C:\Program Files\nodejs\node.exe C:\Program Files\nodejs\node_modules\firebase-tools\lib\bin\firebase.js init
[debug] [2022-11-04T19:21:07.989Z] CLI Version:   11.13.0
[debug] [2022-11-04T19:21:07.989Z] Platform:      win32
[debug] [2022-11-04T19:21:07.990Z] Node Version:  v14.18.0
[debug] [2022-11-04T19:21:07.991Z] Time:          Sat Nov 05 2022 00:51:07 GMT+0530 (India Standard Time)
[debug] [2022-11-04T19:21:07.991Z] ----------------------------------------------------------------------
[debug] 
[debug] [2022-11-04T19:21:08.002Z] > command requires scopes: ["email","openid","https://www.googleapis.com/auth/cloudplatformprojects.readonly","https://www.googleapis.com/auth/firebase","https://www.googleapis.com/auth/cloud-platform"]
[debug] [2022-11-04T19:21:08.002Z] > authorizing via signed-in user (devendragupta1302@gmail.com)
[info] 
     ######## #### ########  ######## ########     ###     ######  ########
     ##        ##  ##     ## ##       ##     ##  ##   ##  ##       ##
     ######    ##  ########  ######   ########  #########  ######  ######
     ##        ##  ##    ##  ##       ##     ## ##     ##       ## ##
     ##       #### ##     ## ######## ########  ##     ##  ######  ########

You're about to initialize a Firebase project in this directory:

  C:\Users\hp\OneDrive\Documents\React\Amazon clone\amazon-clone

[info] 
=== Project Setup
[info] 
[info] First, let's associate this project directory with a Firebase project.
[info] You can create multiple project aliases by running firebase use --add, 
[info] but for now we'll just set up a default project.
[info] 
[debug] [2022-11-04T19:22:16.004Z] >>> [apiv2][query] GET https://firebase.googleapis.com/v1beta1/projects pageSize=100
[debug] [2022-11-04T19:22:17.142Z] <<< [apiv2][status] GET https://firebase.googleapis.com/v1beta1/projects 200
[debug] [2022-11-04T19:22:17.142Z] <<< [apiv2][body] GET https://firebase.googleapis.com/v1beta1/projects [omitted]
